<?xml version="1.0" encoding="UTF-8"?>
<!-- Generated by org.testng.reporters.JUnitReportReporter -->
<testsuite hostname="PAVAN-PC" name="a.A" tests="1" failures="0" timestamp="10 Sep 2016 09:11:46 GMT" time="5.769" errors="0">
  <testcase name="browserTest" time="5.769" classname="a.A"/>
</testsuite> <!-- a.A -->
